D:\VisualStudio1\MSBuild\Microsoft\VC\v170\Microsoft.CppBuild.targets(520,5): warning MSB8004: El directorio Output no termina con una barra diagonal final. Esta instancia de compilación agregará la barra diagonal porque es necesaria para que se pueda evaluar correctamente el directorio Output.
  11_ParticleAnimation.cpp
E:\Desktop\ProyectoF_LabCompGrafic\ProyectoZoo\11_ParticleAnimation\include\light.h(26,16): warning C4244: '=': conversión de 'double' a 'int'; posible pérdida de datos
E:\Desktop\ProyectoF_LabCompGrafic\ProyectoZoo\11_ParticleAnimation\include\particles.h(28,24): warning C4244: '=': conversión de 'int' a 'T'; posible pérdida de datos
          with
          [
              T=float
          ]
E:\Desktop\ProyectoF_LabCompGrafic\ProyectoZoo\11_ParticleAnimation\include\particles.h(30,20): warning C4244: '=': conversión de 'int' a 'T'; posible pérdida de datos
          with
          [
              T=float
          ]
E:\Desktop\ProyectoF_LabCompGrafic\ProyectoZoo\11_ParticleAnimation\include\particles.h(31,24): warning C4244: '=': conversión de 'int' a 'T'; posible pérdida de datos
          with
          [
              T=float
          ]
E:\Desktop\ProyectoF_LabCompGrafic\ProyectoZoo\11_ParticleAnimation\11_ParticleAnimation.cpp(1080,28): warning C4305: '+=': truncamiento de 'double' a 'float'
E:\Desktop\ProyectoF_LabCompGrafic\ProyectoZoo\11_ParticleAnimation\11_ParticleAnimation.cpp(1094,25): warning C4305: '+=': truncamiento de 'double' a 'float'
glfw3.lib(input.obj) : warning LNK4099: no se encontró PDB 'glfw3.pdb' con 'glfw3.lib(input.obj)' o en 'E:\Desktop\ProyectoF_LabCompGrafic\ProyectoZoo\bin\glfw3.pdb'; se vinculará el objeto sin tener en cuenta información de depuración
  Project1.vcxproj -> E:\Desktop\ProyectoF_LabCompGrafic\ProyectoZoo\bin\Project1.exe
